  Chain.cpp
  Hash.cpp
W:\GLO---GL-Online\GLODBM\Hash.cpp(23,1): error C2955: 'Hash': use of class template requires template argument list
W:\GLO---GL-Online\GLODBM\Hash.h(15): message : see declaration of 'Hash'
W:\GLO---GL-Online\GLODBM\Hash.cpp(23,1): error C2244: 'Hash::hash': unable to match function definition to an existing declaration
W:\GLO---GL-Online\GLODBM\Hash.cpp(23): message : see declaration of 'Hash::hash'
W:\GLO---GL-Online\GLODBM\Hash.cpp(23,1): message : definition
W:\GLO---GL-Online\GLODBM\Hash.cpp(23,1): message : 'void Hash::hash(T)'
W:\GLO---GL-Online\GLODBM\Hash.cpp(23,1): message : existing declarations
W:\GLO---GL-Online\GLODBM\Hash.cpp(23,1): message : 'void Hash<T>::hash(T)'
  Link.cpp
W:\GLO---GL-Online\GLODBM\Link.cpp(26,28): error C4430: missing type specifier - int assumed. Note: C++ does not support default-int
W:\GLO---GL-Online\GLODBM\Link.cpp(26,28): error C2556: 'int Link::addLink(Link *)': overloaded function differs only by return type from 'void Link::addLink(Link *)'
W:\GLO---GL-Online\GLODBM\Link.h(20): message : see declaration of 'Link::addLink'
W:\GLO---GL-Online\GLODBM\Link.cpp(26,7): error C2371: 'Link::addLink': redefinition; different basic types
W:\GLO---GL-Online\GLODBM\Link.h(20): message : see declaration of 'Link::addLink'
W:\GLO---GL-Online\GLODBM\Link.cpp(27,28): error C2664: 'void std::vector<Link,std::allocator<Link>>::push_back(_Ty &&)': cannot convert argument 1 from 'Link *' to 'const _Ty &'
          with
          [
              _Ty=Link
          ]
W:\GLO---GL-Online\GLODBM\Link.cpp(27,28): message : Reason: cannot convert from 'Link *' to 'const _Ty'
          with
          [
              _Ty=Link
          ]
W:\GLO---GL-Online\GLODBM\Link.cpp(27,28): message : No constructor could take the source type, or constructor overload resolution was ambiguous
F:\visualstudio2\VC\Tools\MSVC\14.27.29110\include\vector(716,10): message : see declaration of 'std::vector<Link,std::allocator<Link>>::push_back'
W:\GLO---GL-Online\GLODBM\Link.cpp(29,29): error C4430: missing type specifier - int assumed. Note: C++ does not support default-int
W:\GLO---GL-Online\GLODBM\Link.cpp(29,29): error C2556: 'int Link::removeLink(int)': overloaded function differs only by return type from 'void Link::removeLink(int)'
W:\GLO---GL-Online\GLODBM\Link.h(21): message : see declaration of 'Link::removeLink'
W:\GLO---GL-Online\GLODBM\Link.cpp(29,7): error C2371: 'Link::removeLink': redefinition; different basic types
W:\GLO---GL-Online\GLODBM\Link.h(21): message : see declaration of 'Link::removeLink'
W:\GLO---GL-Online\GLODBM\Link.cpp(32,17): error C4430: missing type specifier - int assumed. Note: C++ does not support default-int
W:\GLO---GL-Online\GLODBM\Link.cpp(32,17): error C2556: 'int Link::getLinks(void)': overloaded function differs only by return type from 'Chain *Link::getLinks(void)'
W:\GLO---GL-Online\GLODBM\Link.h(22): message : see declaration of 'Link::getLinks'
W:\GLO---GL-Online\GLODBM\Link.cpp(32,7): error C2040: 'Link::getLinks': 'int (void)' differs in levels of indirection from 'Chain *(void)'
  main.cpp
W:\GLO---GL-Online\GLODBM\main.cpp(26,9): error C2955: 'Hash': use of class template requires template argument list
W:\GLO---GL-Online\GLODBM\Hash.h(15): message : see declaration of 'Hash'
W:\GLO---GL-Online\GLODBM\main.cpp(26,9): error C2059: syntax error: '.'
  ReaderHelper.cpp
  WriterHelper.cpp
W:\GLO---GL-Online\GLODBM\WriterHelper.cpp(26,33): error C4430: missing type specifier - int assumed. Note: C++ does not support default-int
W:\GLO---GL-Online\GLODBM\WriterHelper.cpp(26,33): error C2556: 'int WriterHelper::createPlayerFile(void)': overloaded function differs only by return type from 'void WriterHelper::createPlayerFile(void)'
W:\GLO---GL-Online\GLODBM\WriterHelper.h(22): message : see declaration of 'WriterHelper::createPlayerFile'
W:\GLO---GL-Online\GLODBM\WriterHelper.cpp(26,15): error C2371: 'WriterHelper::createPlayerFile': redefinition; different basic types
W:\GLO---GL-Online\GLODBM\WriterHelper.h(22): message : see declaration of 'WriterHelper::createPlayerFile'
W:\GLO---GL-Online\GLODBM\WriterHelper.cpp(30,35): error C4430: missing type specifier - int assumed. Note: C++ does not support default-int
W:\GLO---GL-Online\GLODBM\WriterHelper.cpp(30,35): error C2556: 'int WriterHelper::editPlayerPosition(void)': overloaded function differs only by return type from 'void WriterHelper::editPlayerPosition(void)'
W:\GLO---GL-Online\GLODBM\WriterHelper.h(23): message : see declaration of 'WriterHelper::editPlayerPosition'
W:\GLO---GL-Online\GLODBM\WriterHelper.cpp(30,15): error C2371: 'WriterHelper::editPlayerPosition': redefinition; different basic types
W:\GLO---GL-Online\GLODBM\WriterHelper.h(23): message : see declaration of 'WriterHelper::editPlayerPosition'
W:\GLO---GL-Online\GLODBM\WriterHelper.cpp(34,31): error C4430: missing type specifier - int assumed. Note: C++ does not support default-int
W:\GLO---GL-Online\GLODBM\WriterHelper.cpp(34,31): error C2556: 'int WriterHelper::editPlayerZone(void)': overloaded function differs only by return type from 'void WriterHelper::editPlayerZone(void)'
W:\GLO---GL-Online\GLODBM\WriterHelper.h(24): message : see declaration of 'WriterHelper::editPlayerZone'
W:\GLO---GL-Online\GLODBM\WriterHelper.cpp(34,15): error C2371: 'WriterHelper::editPlayerZone': redefinition; different basic types
W:\GLO---GL-Online\GLODBM\WriterHelper.h(24): message : see declaration of 'WriterHelper::editPlayerZone'
  Compiling...
  Generating Code...
